<?xml version="1.0" encoding="UTF-8"?>
<!-- Generated by org.testng.reporters.JUnitXMLReporter -->
<testsuite ignored="0" hostname="santiagoferreira" failures="1" tests="6" name="yelptest" time="59.081" errors="0" timestamp="2020-11-05T21:20:32 UYT">
  <testcase classname="StepDefinition.SearchSteps" name="browser_is_opened" time="5.072"/>
  <testcase classname="StepDefinition.SearchSteps" name="user_is_on_yelp_page_website" time="6.252"/>
  <testcase classname="StepDefinition.SearchSteps" name="user_look_up_for_restaurants" time="3.077"/>
  <testcase classname="StepDefinition.SearchSteps" name="user_clicks_on_the_search_button" time="28.924"/>
  <testcase classname="StepDefinition.SearchSteps" name="add_filter" time="0.0">
    <failure type="org.testng.TestNGException" message="
Cannot inject @Test annotated Method [add_filter] with [class java.lang.String].
For more information on native dependency injection please refer to https://testng.org/doc/documentation-main.html#native-dependency-injection">
      <![CDATA[org.testng.TestNGException: 
Cannot inject @Test annotated Method [add_filter] with [class java.lang.String].
For more information on native dependency injection please refer to https://testng.org/doc/documentation-main.html#native-dependency-injection
at java.base/java.util.ArrayList.forEach(ArrayList.java:1511)
... Removed 26 stack frames]]>
    </failure>
  </testcase> <!-- add_filter -->
  <testcase classname="StepDefinition.SearchSteps" name="results_must_be_displayed" time="15.71"/>
</testsuite> <!-- yelptest -->
