<?xml version="1.0" encoding="UTF-8"?>
<!-- Generated by org.testng.reporters.JUnitXMLReporter -->
<testsuite ignored="5" hostname="santiagoferreira" failures="1" tests="1" name="yelptest(failed)" time="0.067" errors="0" timestamp="2020-11-05T20:38:03 UYT">
  <testcase classname="StepDefinition.SearchSteps" name="add_filter" time="0.0">
    <failure type="org.testng.TestNGException" message="
Cannot inject @Test annotated Method [add_filter] with [class java.lang.String].
For more information on native dependency injection please refer to https://testng.org/doc/documentation-main.html#native-dependency-injection">
      <![CDATA[org.testng.TestNGException: 
Cannot inject @Test annotated Method [add_filter] with [class java.lang.String].
For more information on native dependency injection please refer to https://testng.org/doc/documentation-main.html#native-dependency-injection
at java.base/java.util.concurrent.ThreadPoolExecutor.runWorker(ThreadPoolExecutor.java:1130)
at java.base/java.util.concurrent.ThreadPoolExecutor$Worker.run(ThreadPoolExecutor.java:630)
at java.base/java.lang.Thread.run(Thread.java:832)
... Removed 11 stack frames]]>
    </failure>
  </testcase> <!-- add_filter -->
  <testcase classname="StepDefinition.SearchSteps" name="browser_is_opened" time="0.0">
    <ignored/>
  </testcase> <!-- browser_is_opened -->
  <testcase classname="StepDefinition.SearchSteps" name="user_is_on_yelp_page_website" time="0.0">
    <ignored/>
  </testcase> <!-- user_is_on_yelp_page_website -->
  <testcase classname="StepDefinition.SearchSteps" name="user_look_up_for_restaurants" time="0.0">
    <ignored/>
  </testcase> <!-- user_look_up_for_restaurants -->
  <testcase classname="StepDefinition.SearchSteps" name="user_clicks_on_the_search_button" time="0.0">
    <ignored/>
  </testcase> <!-- user_clicks_on_the_search_button -->
  <testcase classname="StepDefinition.SearchSteps" name="results_must_be_displayed" time="0.0">
    <ignored/>
  </testcase> <!-- results_must_be_displayed -->
</testsuite> <!-- yelptest(failed) -->
