<?xml version="1.0" encoding="UTF-8"?>
<testng-results ignored="0" total="6" passed="5" failed="1" skipped="0">
  <reporter-output>
  </reporter-output>
  <suite started-at="2020-11-05T21:19:33 UYT" name="TestYelp" finished-at="2020-11-05T21:20:32 UYT" duration-ms="59081">
    <groups>
    </groups>
    <test started-at="2020-11-05T21:19:33 UYT" name="yelptest" finished-at="2020-11-05T21:20:32 UYT" duration-ms="59081">
      <class name="StepDefinition.SearchSteps">
        <test-method signature="browser_is_opened()[pri:1, instance:StepDefinition.SearchSteps@4f638935]" started-at="2020-11-05T21:19:33 UYT" name="browser_is_opened" finished-at="2020-11-05T21:19:38 UYT" duration-ms="5072" status="PASS">
          <reporter-output>
          </reporter-output>
        </test-method> <!-- browser_is_opened -->
        <test-method signature="user_is_on_yelp_page_website()[pri:2, instance:StepDefinition.SearchSteps@4f638935]" started-at="2020-11-05T21:19:38 UYT" name="user_is_on_yelp_page_website" finished-at="2020-11-05T21:19:44 UYT" duration-ms="6252" status="PASS">
          <reporter-output>
          </reporter-output>
        </test-method> <!-- user_is_on_yelp_page_website -->
        <test-method signature="user_look_up_for_restaurants()[pri:3, instance:StepDefinition.SearchSteps@4f638935]" started-at="2020-11-05T21:19:44 UYT" name="user_look_up_for_restaurants" finished-at="2020-11-05T21:19:47 UYT" duration-ms="3077" status="PASS">
          <reporter-output>
          </reporter-output>
        </test-method> <!-- user_look_up_for_restaurants -->
        <test-method signature="user_clicks_on_the_search_button()[pri:4, instance:StepDefinition.SearchSteps@4f638935]" started-at="2020-11-05T21:19:47 UYT" name="user_clicks_on_the_search_button" finished-at="2020-11-05T21:20:16 UYT" duration-ms="28924" status="PASS">
          <reporter-output>
          </reporter-output>
        </test-method> <!-- user_clicks_on_the_search_button -->
        <test-method signature="add_filter(java.lang.String)[pri:5, instance:StepDefinition.SearchSteps@4f638935]" started-at="2020-11-05T21:20:16 UYT" name="add_filter" finished-at="2020-11-05T21:20:16 UYT" duration-ms="0" status="FAIL">
          <exception class="org.testng.TestNGException">
            <message>
              <![CDATA[
Cannot inject @Test annotated Method [add_filter] with [class java.lang.String].
For more information on native dependency injection please refer to https://testng.org/doc/documentation-main.html#native-dependency-injection]]>
            </message>
            <full-stacktrace>
              <![CDATA[org.testng.TestNGException: 
Cannot inject @Test annotated Method [add_filter] with [class java.lang.String].
For more information on native dependency injection please refer to https://testng.org/doc/documentation-main.html#native-dependency-injection
at org.testng.internal.Parameters.checkParameterTypes(Parameters.java:437)
at org.testng.internal.Parameters.createParametersForMethod(Parameters.java:351)
at org.testng.internal.Parameters.createParameters(Parameters.java:708)
at org.testng.internal.Parameters.handleParameters(Parameters.java:875)
at org.testng.internal.Parameters.handleParameters(Parameters.java:740)
at org.testng.internal.ParameterHandler.handleParameters(ParameterHandler.java:59)
at org.testng.internal.ParameterHandler.createParameters(ParameterHandler.java:38)
at org.testng.internal.TestInvoker$MethodInvocationAgent.invoke(TestInvoker.java:789)
at org.testng.internal.TestInvoker.invokeTestMethods(TestInvoker.java:147)
at org.testng.internal.TestMethodWorker.invokeTestMethods(TestMethodWorker.java:146)
at org.testng.internal.TestMethodWorker.run(TestMethodWorker.java:128)
at java.base/java.util.ArrayList.forEach(ArrayList.java:1511)
at org.testng.TestRunner.privateRun(TestRunner.java:764)
at org.testng.TestRunner.run(TestRunner.java:585)
at org.testng.SuiteRunner.runTest(SuiteRunner.java:384)
at org.testng.SuiteRunner.runSequentially(SuiteRunner.java:378)
at org.testng.SuiteRunner.privateRun(SuiteRunner.java:337)
at org.testng.SuiteRunner.run(SuiteRunner.java:286)
at org.testng.SuiteRunnerWorker.runSuite(SuiteRunnerWorker.java:53)
at org.testng.SuiteRunnerWorker.run(SuiteRunnerWorker.java:96)
at org.testng.TestNG.runSuitesSequentially(TestNG.java:1218)
at org.testng.TestNG.runSuitesLocally(TestNG.java:1140)
at org.testng.TestNG.runSuites(TestNG.java:1069)
at org.testng.TestNG.run(TestNG.java:1037)
at org.testng.remote.AbstractRemoteTestNG.run(AbstractRemoteTestNG.java:115)
at org.testng.remote.RemoteTestNG.initAndRun(RemoteTestNG.java:251)
at org.testng.remote.RemoteTestNG.main(RemoteTestNG.java:77)
]]>
            </full-stacktrace>
          </exception> <!-- org.testng.TestNGException -->
          <reporter-output>
          </reporter-output>
        </test-method> <!-- add_filter -->
        <test-method signature="results_must_be_displayed()[pri:6, instance:StepDefinition.SearchSteps@4f638935]" started-at="2020-11-05T21:20:16 UYT" name="results_must_be_displayed" finished-at="2020-11-05T21:20:32 UYT" duration-ms="15710" status="PASS">
          <reporter-output>
          </reporter-output>
        </test-method> <!-- results_must_be_displayed -->
      </class> <!-- StepDefinition.SearchSteps -->
    </test> <!-- yelptest -->
  </suite> <!-- TestYelp -->
</testng-results>
